mesh 20x35, ndof_red=700, initial TRUE complete gap=-0.0517
[  0] complete gap=-0.0948 window=[2.208,2.166] vol=0.271
[  5] complete gap=-0.0030 window=[2.184,2.237] vol=0.315
[ 10] complete gap=+0.0182 window=[2.176,2.249] vol=0.274
[ 15] complete gap=+0.0530 window=[2.150,2.264] vol=0.266
[ 20] complete gap=+0.0892 window=[2.129,2.272] vol=0.273
[ 25] complete gap=+0.1391 window=[2.122,2.314] vol=0.277
[ 30] complete gap=+0.1872 window=[2.122,2.361] vol=0.280
[ 35] complete gap=+0.2090 window=[2.118,2.379] vol=0.276
[ 40] complete gap=+0.2248 window=[2.118,2.396] vol=0.276
[ 45] complete gap=+0.2325 window=[2.118,2.404] vol=0.278
[ 50] complete gap=+0.2356 window=[2.118,2.408] vol=0.280
[ 55] complete gap=+0.2365 window=[2.118,2.408] vol=0.280
[ 60] complete gap=+0.2379 window=[2.118,2.410] vol=0.280
[ 65] complete gap=+0.2373 window=[2.118,2.409] vol=0.280
[ 70] complete gap=+0.2383 window=[2.118,2.411] vol=0.280
[ 75] complete gap=+0.2375 window=[2.118,2.409] vol=0.280
[ 80] complete gap=+0.2386 window=[2.118,2.411] vol=0.280
[ 85] complete gap=+0.2376 window=[2.118,2.409] vol=0.280
[ 89] complete gap=+0.2377 window=[2.118,2.409] vol=0.280
optimized in 5143s  sampled gap=+0.239  TRUE complete gap=+0.2943 window=[2.117,2.411] omega=2.264
saved results/scalar_complete.png
