mesh 46208 nodes 91614 tris, fiber frac 0.242
frequency sweep (transmission to far end of wall):
  w=6.400  T=5.329e-02
  w=6.467  T=2.086e-02
  w=6.533  T=1.205e-02
  w=6.600  T=1.247e-02
  w=6.667  T=9.985e-03
  w=6.733  T=1.398e-02
  w=6.800  T=2.025e-02
  w=6.867  T=1.927e-02
  w=6.933  T=4.309e-02
  w=7.000  T=4.407e-02
  w=7.067  T=3.887e+02  <==GAP
  w=7.133  T=7.968e+01  <==GAP
  w=7.200  T=6.382e+01  <==GAP
  w=7.267  T=3.883e+01  <==GAP
  w=7.333  T=2.982e+01  <==GAP
  w=7.400  T=2.356e+01  <==GAP
  w=7.467  T=1.902e+01  <==GAP
  w=7.533  T=1.715e+01  <==GAP
  w=7.600  T=1.829e+01
  w=7.667  T=2.170e+01
  w=7.733  T=2.601e+01
  w=7.800  T=2.115e+01
  w=7.867  T=1.039e+01
  w=7.933  T=3.753e-05
  w=8.000  T=1.485e-07
