mesh 39617 nodes 78492 tris, fiber frac 0.231
frequency sweep (transmission to far end of wall):
  w=6.400  T=3.267e-01
  w=6.467  T=3.738e-01
  w=6.533  T=6.000e-01
  w=6.600  T=5.083e-01
  w=6.667  T=2.176e-01
  w=6.733  T=1.205e+00
  w=6.800  T=2.025e+00
  w=6.867  T=7.288e-01
  w=6.933  T=2.884e-01
  w=7.000  T=7.206e-01
  w=7.067  T=4.359e+00  <==GAP
  w=7.133  T=7.727e-01  <==GAP
  w=7.200  T=1.377e-01  <==GAP
  w=7.267  T=7.141e-03  <==GAP
  w=7.333  T=1.485e-08  <==GAP
  w=7.400  T=1.639e-11  <==GAP
  w=7.467  T=5.935e-13  <==GAP
  w=7.533  T=2.195e-11  <==GAP
  w=7.600  T=1.188e-09
  w=7.667  T=1.088e-07
  w=7.733  T=1.127e-02
  w=7.800  T=3.787e-02
  w=7.867  T=1.795e-03
  w=7.933  T=2.910e-03
  w=8.000  T=7.818e-03
